[2023-09-18 13:41:08] my_logger.INFO: Abruf von /anzeigen/{identifier} {"identifier":"1234567890ABCDEF"} []
[2023-09-18 13:53:37] my_logger.INFO: Abruf von /anzeigen/{identifier} {"identifier":"1234567890ABCDEF"} []
[2023-09-18 14:00:01] my_logger.INFO: Abruf von /anzeigen/{identifier} {"identifier":"1234567890ABCDEF"} []
[2023-09-18 14:00:52] my_logger.INFO: Abruf von /anzeigen/{identifier} {"identifier":"1234567890ABCDEF"} []
[2023-09-22 10:45:57] my_logger.INFO: Abruf von /anzeigen/{identifier} {"identifier":"1234567890ABCDEF"} []
[2023-09-22 10:45:59] my_logger.INFO: Abruf von /anzeigen/{identifier} {"identifier":"favicon.ico"} []
[2023-09-22 10:46:31] my_logger.INFO: Abruf von /anzeigen/{identifier} {"identifier":"1234567890ABCDEF"} []
[2023-09-22 10:46:33] my_logger.INFO: Abruf von /anzeigen/{identifier} {"identifier":"favicon.ico"} []
[2023-09-22 10:46:35] my_logger.INFO: Abruf von /anzeigen/{identifier} {"identifier":"favicon.ico"} []
[2023-09-22 10:47:05] my_logger.INFO: Abruf von /anzeigen/{identifier} {"identifier":"favicon.ico"} []
[2023-09-22 11:03:37] my_logger.INFO: Abruf von /anzeigen/{identifier} {"identifier":"1234567890ABCDEF"} []
[2023-09-22 11:03:39] my_logger.INFO: Abruf von /anzeigen/{identifier} {"identifier":"favicon.ico"} []
[2023-09-22 11:06:03] my_logger.INFO: Abruf von /anzeigen/{identifier} {"identifier":"favicon.ico"} []
[2023-09-22 11:06:06] my_logger.INFO: Abruf von /anzeigen/{identifier} {"identifier":"1234567890ABCDEF"} []
[2023-09-22 11:06:09] my_logger.INFO: Abruf von /anzeigen/{identifier} {"identifier":"favicon.ico"} []
[2023-09-22 11:06:15] my_logger.INFO: Abruf von /anzeigen/{identifier} {"identifier":"favicon.ico"} []
[2023-09-22 11:06:39] my_logger.INFO: Abruf von /anzeigen/{identifier} {"identifier":"favicon.ico"} []
[2023-09-22 11:07:14] my_logger.INFO: Abruf von /anzeigen/{identifier} {"identifier":"favicon.ico"} []
[2023-09-22 11:07:18] my_logger.INFO: Abruf von /anzeigen/{identifier} {"identifier":"favicon.ico"} []
[2023-09-22 11:07:28] my_logger.INFO: Abruf von /anzeigen/{identifier} {"identifier":"favicon.ico"} []
[2023-09-22 11:17:42] my_logger.INFO: Abruf von /anzeigen/{identifier} {"identifier":"1234567890ABCDEF"} []
[2023-09-22 11:17:44] my_logger.INFO: Abruf von /anzeigen/{identifier} {"identifier":"favicon.ico"} []
[2023-09-22 11:36:23] my_logger.INFO: Abruf von /anzeigen/{identifier} {"identifier":"1234567890ABCDEF"} []
[2023-09-22 11:36:25] my_logger.INFO: Abruf von /anzeigen/{identifier} {"identifier":"favicon.ico"} []
[2023-09-22 11:36:36] my_logger.INFO: Abruf von /anzeigen/{identifier} {"identifier":"1234567890ABCDEF"} []
[2023-09-22 11:36:39] my_logger.INFO: Abruf von /anzeigen/{identifier} {"identifier":"favicon.ico"} []
[2023-09-22 11:37:54] my_logger.INFO: Abruf von /anzeigen/{identifier} {"identifier":"1234567890ABCDEF"} []
[2023-09-22 11:37:56] my_logger.INFO: Abruf von /anzeigen/{identifier} {"identifier":"favicon.ico"} []
[2023-09-22 11:43:20] my_logger.INFO: Abruf von /anzeigen/{identifier} {"identifier":"1234567890ABCDEF"} []
[2023-09-22 11:43:22] my_logger.INFO: Abruf von /anzeigen/{identifier} {"identifier":"favicon.ico"} []
[2023-09-22 11:44:37] my_logger.INFO: Abruf von /anzeigen/{identifier} {"identifier":"1234567890ABCDEF"} []
[2023-09-22 11:44:39] my_logger.INFO: Abruf von /anzeigen/{identifier} {"identifier":"favicon.ico"} []
[2023-09-22 12:08:22] my_logger.INFO: Abruf von /anzeigen/{identifier} {"identifier":"1234567890ABCDEF"} []
[2023-09-22 12:08:24] my_logger.INFO: Abruf von /anzeigen/{identifier} {"identifier":"favicon.ico"} []
[2023-09-25 06:21:08] my_logger.INFO: Abruf von /anzeigen/{identifier} {"identifier":"1234567890ABCDEF"} []
[2023-09-25 06:21:10] my_logger.INFO: Abruf von /anzeigen/{identifier} {"identifier":"favicon.ico"} []
[2023-09-25 06:50:10] my_logger.INFO: Abruf von /anzeigen/{identifier} {"identifier":"favicon.ico"} []
[2023-09-26 11:03:08] my_logger.INFO: Abruf von /anzeigen/{identifier} {"identifier":"favicon.ico"} []
[2023-09-26 11:03:11] my_logger.INFO: Abruf von /anzeigen/{identifier} {"identifier":"1234567890ABCDEF"} []
[2023-09-26 11:03:13] my_logger.INFO: Abruf von /anzeigen/{identifier} {"identifier":"favicon.ico"} []
[2023-09-27 11:17:20] my_logger.INFO: Abruf von /anzeigen/{identifier} {"identifier":"favicon.ico"} []
[2023-09-27 11:18:00] my_logger.INFO: Abruf von /anzeigen/{identifier} {"identifier":"favicon.ico"} []
[2023-09-27 11:18:14] my_logger.INFO: Abruf von /anzeigen/{identifier} {"identifier":"favicon.ico"} []
[2023-09-27 11:18:20] my_logger.INFO: Abruf von /anzeigen/{identifier} {"identifier":"favicon.ico"} []
[2023-09-27 11:18:24] my_logger.INFO: Abruf von /anzeigen/{identifier} {"identifier":"favicon.ico"} []
[2023-09-27 11:25:34] my_logger.INFO: Abruf von /anzeigen/{identifier} {"identifier":"favicon.ico"} []
[2023-09-27 11:29:01] my_logger.INFO: Abruf von /anzeigen/{identifier} {"identifier":"favicon.ico"} []
[2023-09-27 11:29:04] my_logger.INFO: Abruf von /anzeigen/{identifier} {"identifier":"favicon.ico"} []
[2023-09-27 11:30:58] my_logger.INFO: Abruf von /anzeigen/{identifier} {"identifier":"favicon.ico"} []
[2023-09-27 11:31:01] my_logger.INFO: Abruf von /anzeigen/{identifier} {"identifier":"favicon.ico"} []
[2023-09-27 11:31:04] my_logger.INFO: Abruf von /anzeigen/{identifier} {"identifier":"favicon.ico"} []
[2023-09-27 11:31:39] my_logger.INFO: Abruf von /anzeigen/{identifier} {"identifier":"favicon.ico"} []
[2023-09-27 11:48:25] my_logger.INFO: Abruf von /anzeigen/{identifier} {"identifier":"favicon.ico"} []
[2023-09-27 11:48:27] my_logger.INFO: Abruf von /anzeigen/{identifier} {"identifier":"favicon.ico"} []
[2023-09-27 11:50:50] my_logger.INFO: Abruf von /anzeigen/{identifier} {"identifier":"favicon.ico"} []
[2023-09-27 11:51:25] my_logger.INFO: Abruf von /anzeigen/{identifier} {"identifier":"1234567890ABCDEF"} []
[2023-09-27 11:51:27] my_logger.INFO: Abruf von /anzeigen/{identifier} {"identifier":"favicon.ico"} []
[2023-09-27 16:31:54] my_logger.INFO: Abruf von /anzeigen/{identifier} {"identifier":"1234567890ABCDEF"} []
[2023-09-27 16:31:56] my_logger.INFO: Abruf von /anzeigen/{identifier} {"identifier":"favicon.ico"} []
[2023-09-27 16:32:04] my_logger.INFO: Abruf von /anzeigen/{identifier} {"identifier":"1234567890ABCDEF"} []
[2023-09-27 16:32:06] my_logger.INFO: Abruf von /anzeigen/{identifier} {"identifier":"favicon.ico"} []
[2023-09-27 16:33:06] my_logger.INFO: Abruf von /anzeigen/{identifier} {"identifier":"1234567890ABCDEF"} []
[2023-09-27 16:33:08] my_logger.INFO: Abruf von /anzeigen/{identifier} {"identifier":"favicon.ico"} []
[2023-09-27 16:35:55] my_logger.INFO: Abruf von /anzeigen/{identifier} {"identifier":"1234567890ABCDEF"} []
[2023-09-27 16:35:57] my_logger.INFO: Abruf von /anzeigen/{identifier} {"identifier":"favicon.ico"} []
[2023-09-27 16:37:45] my_logger.INFO: Abruf von /anzeigen/{identifier} {"identifier":"1234567890ABCDEF"} []
[2023-09-27 16:37:47] my_logger.INFO: Abruf von /anzeigen/{identifier} {"identifier":"favicon.ico"} []
[2023-09-27 16:39:45] my_logger.INFO: Abruf von /anzeigen/{identifier} {"identifier":"1234567890ABCDEF"} []
[2023-09-27 16:39:47] my_logger.INFO: Abruf von /anzeigen/{identifier} {"identifier":"favicon.ico"} []
[2023-09-27 16:41:14] my_logger.INFO: Abruf von /anzeigen/{identifier} {"identifier":"1234567890ABCDEF"} []
[2023-09-27 16:41:16] my_logger.INFO: Abruf von /anzeigen/{identifier} {"identifier":"favicon.ico"} []
[2023-09-27 16:41:34] my_logger.INFO: Abruf von /anzeigen/{identifier} {"identifier":"1234567890ABCDEF"} []
[2023-09-27 16:41:36] my_logger.INFO: Abruf von /anzeigen/{identifier} {"identifier":"favicon.ico"} []
[2023-09-27 16:42:57] my_logger.INFO: Abruf von /anzeigen/{identifier} {"identifier":"1234567890ABCDEF"} []
[2023-09-27 16:42:59] my_logger.INFO: Abruf von /anzeigen/{identifier} {"identifier":"favicon.ico"} []
[2023-09-27 16:57:53] my_logger.INFO: Abruf von /anzeigen/{identifier} {"identifier":"favicon.ico"} []
[2023-09-27 17:21:54] my_logger.INFO: Abruf von /anzeigen/{identifier} {"identifier":"favicon.ico"} []
[2023-09-27 17:22:19] my_logger.INFO: Abruf von /anzeigen/{identifier} {"identifier":"favicon.ico"} []
[2023-09-27 17:23:25] my_logger.INFO: Abruf von /anzeigen/{identifier} {"identifier":"favicon.ico"} []
[2023-09-27 17:23:46] my_logger.INFO: Abruf von /anzeigen/{identifier} {"identifier":"favicon.ico"} []
[2023-09-27 17:24:01] my_logger.INFO: Abruf von /anzeigen/{identifier} {"identifier":"favicon.ico"} []
[2023-09-27 17:29:16] my_logger.INFO: Abruf von /anzeigen/{identifier} {"identifier":"favicon.ico"} []
[2023-09-27 17:29:18] my_logger.INFO: Abruf von /anzeigen/{identifier} {"identifier":"favicon.ico"} []
[2023-09-27 17:30:02] my_logger.INFO: Abruf von /anzeigen/{identifier} {"identifier":"favicon.ico"} []
[2023-09-27 17:30:04] my_logger.INFO: Abruf von /anzeigen/{identifier} {"identifier":"favicon.ico"} []
[2023-09-27 17:30:06] my_logger.INFO: Abruf von /anzeigen/{identifier} {"identifier":"favicon.ico"} []
[2023-09-27 17:30:23] my_logger.INFO: Abruf von /anzeigen/{identifier} {"identifier":"favicon.ico"} []
[2023-09-27 17:41:01] my_logger.INFO: Abruf von /anzeigen/{identifier} {"identifier":"1234567890ABCDEF"} []
[2023-09-27 17:52:41] my_logger.INFO: Abruf von /anzeigen/{identifier} {"identifier":"1234567890ABCDEF"} []
[2023-09-27 17:57:30] my_logger.INFO: Abruf von /anzeigen/{identifier} {"identifier":"1234567890ABCDEF"} []
[2023-09-27 18:02:28] my_logger.INFO: Abruf von /anzeigen/{identifier} {"identifier":"1234567890ABCDEF"} []
[2023-09-27 18:09:54] my_logger.INFO: Abruf von /anzeigen/{identifier} {"identifier":"1234567890ABCDEF"} []
[2023-09-27 18:46:12] my_logger.INFO: Abruf von /anzeigen/{identifier} {"identifier":"1234567890ABCDEF"} []
[2023-09-27 19:02:46] my_logger.INFO: pqAKcjJQy4 test 2023-10-20T10:00 [] []
[2023-09-27 19:05:50] my_logger.INFO: JYoO7F9I7c test 2023-10-20T10:00 [] []
[2023-09-27 19:05:52] my_logger.INFO: Nachricht erfolgreich eingefügt {"identifier":"JYoO7F9I7c"} []
[2023-09-27 19:08:31] my_logger.INFO: N8ioWtzKBwmwfq75 Test 2023-12-31T15:00 [] []
[2023-09-27 19:08:33] my_logger.INFO: Nachricht erfolgreich eingefügt {"identifier":"N8ioWtzKBwmwfq75"} []
[2023-09-28 08:16:20] my_logger.INFO: 9RsXz14nO8cQMqh9 Testnachricht 28.09. 2023-09-29T12:15 [] []
[2023-09-28 08:16:22] my_logger.INFO: Nachricht erfolgreich eingefügt {"identifier":"9RsXz14nO8cQMqh9"} []
[2023-09-28 08:16:51] my_logger.INFO: Abruf von /anzeigen/{identifier} {"identifier":"1234567890ABCDEF"} []
[2023-09-28 19:16:58] my_logger.INFO: Abruf von /anzeigen/{identifier} {"identifier":"1234567890ABCDEF"} []
[2023-09-28 19:17:13] my_logger.INFO: Abruf von /anzeigen/{identifier} {"identifier":"1234567890ABCDEF"} []
[2023-09-29 05:15:19] my_logger.INFO: Abruf von /anzeigen/{identifier} {"identifier":"1234567890ABCDEF"} []
[2023-09-29 05:15:43] my_logger.INFO: Abruf von /anzeigen/{identifier} {"identifier":"1234567890ABCDEF"} []
[2023-09-29 05:15:52] my_logger.INFO: Abruf von /anzeigen/{identifier} {"identifier":"1234567890ABCDEF"} []
[2023-09-29 05:16:02] my_logger.INFO: Abruf von /anzeigen/{identifier} {"identifier":"1234567890ABCDEF"} []
[2023-09-29 05:23:43] my_logger.INFO: Abruf von /anzeigen/{identifier} {"identifier":"1234567890ABCDEF"} []
[2023-10-02 06:47:33] my_logger.INFO: Abruf von /anzeigen/{identifier} {"identifier":"1234567890ABCDEF"} []
[2023-10-02 06:56:27] my_logger.INFO: f3LahrsM6LjnT3ICYj9JE46TgudDfA8X Testnachricht mit neuer app.inc 2023-10-03T10:00 [] []
[2023-10-02 06:56:29] my_logger.INFO: Nachricht erfolgreich eingefügt {"identifier":"f3LahrsM6LjnT3ICYj9JE46TgudDfA8X"} []
[2023-10-02 07:28:20] my_logger.INFO: cmAH68P5HY5pdvyYbU2fX0TXZGrMaaqX Testnachricht mit JavaScript. 2023-10-05T20:00 [] []
[2023-10-02 07:28:22] my_logger.INFO: Nachricht erfolgreich eingefügt {"identifier":"cmAH68P5HY5pdvyYbU2fX0TXZGrMaaqX"} []
[2023-10-02 07:30:31] my_logger.INFO: TYiBSrF94fLMSYjJyDOFvYzakmCIoQIH Test mit JS-Einbindung  2023-10-05T02:00 [] []
[2023-10-02 07:30:34] my_logger.INFO: Nachricht erfolgreich eingefügt {"identifier":"TYiBSrF94fLMSYjJyDOFvYzakmCIoQIH"} []
[2023-10-02 07:30:43] my_logger.INFO: Abruf von /anzeigen/{identifier} {"identifier":"TYiBSrF94fLMSYjJyDOFvYzakmCIoQIH"} []
[2023-10-02 07:31:14] my_logger.INFO: Abruf von /anzeigen/{identifier} {"identifier":"TYiBSrF94fLMSYjJyDOFvYzakmCIoQIH"} []
[2023-10-02 07:32:09] my_logger.INFO: YMk8VuF9r5lhnbE9gRgxprkrWk673C0N Test mit JS-Einbindung  2023-10-05T02:00 [] []
[2023-10-02 07:32:11] my_logger.INFO: Nachricht erfolgreich eingefügt {"identifier":"YMk8VuF9r5lhnbE9gRgxprkrWk673C0N"} []
[2023-10-02 07:32:15] my_logger.INFO: Abruf von /anzeigen/{identifier} {"identifier":"YMk8VuF9r5lhnbE9gRgxprkrWk673C0N"} []
[2023-10-02 07:33:18] my_logger.INFO: SPGqkHzAoggzKzkIOotQpAB0cEeyRfsP Erstellung mit neuem Identifier 2023-10-10T10:00 [] []
[2023-10-02 07:33:20] my_logger.INFO: Nachricht erfolgreich eingefügt {"identifier":"SPGqkHzAoggzKzkIOotQpAB0cEeyRfsP"} []
[2023-10-02 07:33:24] my_logger.INFO: Abruf von /anzeigen/{identifier} {"identifier":"SPGqkHzAoggzKzkIOotQpAB0cEeyRfsP"} []
[2023-10-02 07:40:07] my_logger.INFO: 7QquapwMFjfvNZxGLddXj6VSzs0dBjKs Neuer Test mit JS 2023-10-20T15:00 [] []
[2023-10-02 07:40:09] my_logger.INFO: Nachricht erfolgreich eingefügt {"identifier":"7QquapwMFjfvNZxGLddXj6VSzs0dBjKs"} []
[2023-10-02 07:42:19] my_logger.INFO: d74M81XGsQvLIEgNllDCPoexb0FG2hPT Neuer Test mit JS 2023-10-20T15:00 [] []
[2023-10-02 07:42:21] my_logger.INFO: Nachricht erfolgreich eingefügt {"identifier":"d74M81XGsQvLIEgNllDCPoexb0FG2hPT"} []
[2023-10-02 07:42:40] my_logger.INFO: GF6omE68nX2dkB1zHNcciRjNCAiWCmpW Neuer Test mit JS 2023-10-20T15:00 [] []
[2023-10-02 07:42:42] my_logger.INFO: Nachricht erfolgreich eingefügt {"identifier":"GF6omE68nX2dkB1zHNcciRjNCAiWCmpW"} []
[2023-10-02 07:43:02] my_logger.INFO: bms3RlTgBTGzg7mgMs1yZPiHKP3Ms3OP Neuer Test mit JS 2023-10-20T15:00 [] []
[2023-10-02 07:43:04] my_logger.INFO: Nachricht erfolgreich eingefügt {"identifier":"bms3RlTgBTGzg7mgMs1yZPiHKP3Ms3OP"} []
[2023-10-02 08:08:37] my_logger.INFO: BNa4Uggv11YhZbmes9ldvcI3HyQqxdZ3pIqZw5GOVaWVU9tNjfqb7bgwaxlu7ZTf Dies ist eine Testnachricht mit 64er Identifier 0023-10-20T20:00 [] []
[2023-10-02 08:08:39] my_logger.INFO: Nachricht erfolgreich eingefügt {"identifier":"BNa4Uggv11YhZbmes9ldvcI3HyQqxdZ3pIqZw5GOVaWVU9tNjfqb7bgwaxlu7ZTf"} []
[2023-10-02 08:08:48] my_logger.INFO: Abruf von /anzeigen/{identifier} {"identifier":"BNa4Uggv11YhZbmes9ldvcI3HyQqxdZ3pIqZw5GOVaWVU9tNjfqb7bgwaxlu7ZTf"} []
[2023-10-02 08:32:58] my_logger.INFO: Abruf von /anzeigen/{identifier} {"identifier":"BNa4Uggv11YhZbmes9ldvcI3HyQqxdZ3pIqZw5GOVaWVU9tNjfqb7bgwaxlu7ZTf"} []
[2023-10-02 08:55:25] my_logger.INFO: G2Sb8nu8FFgihIjLfOadncut5sbBlRlt7B7BT0japsKo2QsxZD2DovfgkzYQ4y4x Test mit Base64 2024-01-01T16:00 [] []
[2023-10-02 08:55:27] my_logger.INFO: Nachricht erfolgreich eingefügt {"identifier":"G2Sb8nu8FFgihIjLfOadncut5sbBlRlt7B7BT0japsKo2QsxZD2DovfgkzYQ4y4x"} []
[2023-10-02 08:55:32] my_logger.INFO: Abruf von /anzeigen/{identifier} null []
[2023-10-02 09:04:22] my_logger.INFO: Encrypted: {encryptedIdentifier} {"encryptedIdentfier":"KltqK2tcLU8XdF9aJSgpGCw Fi0vTA0yezQhdB4xPydHBG0LIh8sGBomElI="} []
[2023-10-02 09:04:22] my_logger.INFO: Encrypted: {identifier} null []
[2023-10-02 09:04:24] my_logger.INFO: Abruf von /anzeigen/{identifier} null []
[2023-10-02 09:11:06] my_logger.INFO: Encrypted: {encryptedIdentifier} {"encryptedIdentfier":"BNa4Uggv11YhZbmes9ldvcI3HyQqxdZ3pIqZw5GOVaWVU9tNjfqb7bgwaxlu7ZTf"} []
[2023-10-02 09:11:06] my_logger.INFO: Decrypted: {identifier} null []
[2023-10-02 09:11:08] my_logger.INFO: Abruf von /anzeigen/{identifier} null []
[2023-10-02 09:11:16] my_logger.INFO: Encrypted: {encryptedIdentifier} {"encryptedIdentfier":"BNa4Uggv11YhZbmes9ldvcI3HyQqxdZ3pIqZw5GOVaWVU9tNjfqb7bgwaxlu7ZTf"} []
[2023-10-02 09:11:16] my_logger.INFO: Decrypted: {identifier} null []
[2023-10-02 09:11:18] my_logger.INFO: Abruf von /anzeigen/{identifier} null []
[2023-10-02 09:11:41] my_logger.INFO: Anlegen - Identifier {"identifier":"zDZ6kfMVB7RgwqzUp1FggAPsFFqVD6RJZLBjgr1zXa9d9gw24gV4YecsKMhde854"} []
[2023-10-02 09:11:41] my_logger.INFO: zDZ6kfMVB7RgwqzUp1FggAPsFFqVD6RJZLBjgr1zXa9d9gw24gV4YecsKMhde854 Testnachricht Encode Versuch 2 2023-10-22T20:00 [] []
[2023-10-02 09:11:43] my_logger.INFO: Anlegen - Encrypted Identifier {"identifier":"Fy1jfzhUFSETBWpUOhA5ATpAMS4mbig1CAEyYDZVARkqChgjEV13AzI0YFk="} []
[2023-10-02 09:11:43] my_logger.INFO: Nachricht erfolgreich eingefügt {"identifier":"zDZ6kfMVB7RgwqzUp1FggAPsFFqVD6RJZLBjgr1zXa9d9gw24gV4YecsKMhde854"} []
[2023-10-02 09:11:46] my_logger.INFO: Encrypted: {encryptedIdentifier} {"encryptedIdentfier":"Fy1jfzhUFSETBWpUOhA5ATpAMS4mbig1CAEyYDZVARkqChgjEV13AzI0YFk="} []
[2023-10-02 09:11:46] my_logger.INFO: Decrypted: {identifier} {"identfier":"zDZ6kfMVB7RgwqzUp1FggAPsFFqVD6RJZLBjgr1zXa9d"} []
[2023-10-02 09:11:48] my_logger.INFO: Abruf von /anzeigen/{identifier} {"identifier":"zDZ6kfMVB7RgwqzUp1FggAPsFFqVD6RJZLBjgr1zXa9d"} []
[2023-10-02 09:15:09] my_logger.INFO: Anlegen - Identifier {"identifier":"k7sAEovHYZMv0jmOHL2G3JaWVRvfq5m2urqXc2utp7s8ZCI9wKU7EmFnNoUxqiSl"} []
[2023-10-02 09:15:09] my_logger.INFO: k7sAEovHYZMv0jmOHL2G3JaWVRvfq5m2urqXc2utp7s8ZCI9wKU7EmFnNoUxqiSl Encode Versuch 3 2023-10-25T15:00 [] []
[2023-10-02 09:15:11] my_logger.INFO: Anlegen - Encrypted Identifier {"identifier":"Bl5KCBZdLj8IaHVFfQsuGwI9RQ5yZRkRGBU1UANWPmEFNCsRFR0zDRpiKgU="} []
[2023-10-02 09:15:11] my_logger.INFO: Nachricht erfolgreich eingefügt {"identifier":"k7sAEovHYZMv0jmOHL2G3JaWVRvfq5m2urqXc2utp7s8ZCI9wKU7EmFnNoUxqiSl"} []
[2023-10-02 09:15:12] my_logger.INFO: Anzeigen - Encrypted: {encryptedIdentifier} {"encryptedIdentifier":"Bl5KCBZdLj8IaHVFfQsuGwI9RQ5yZRkRGBU1UANWPmEFNCsRFR0zDRpiKgU="} []
[2023-10-02 09:15:12] my_logger.INFO: Anzeigen - Identifier: {identifier} {"identifier":"k7sAEovHYZMv0jmOHL2G3JaWVRvfq5m2urqXc2utp7s8"} []
[2023-10-02 09:15:14] my_logger.INFO: Abruf von /anzeigen/{identifier} {"identifier":"k7sAEovHYZMv0jmOHL2G3JaWVRvfq5m2urqXc2utp7s8"} []
[2023-10-02 09:19:33] my_logger.INFO: Anlegen - Identifier {"identifier":"d9z5cMhDY8S7bAcm0LDwmpyrTPO8qzV6buWrBORz8yiRMrnBQbSdgYulu0tqTPtw"} []
[2023-10-02 09:19:33] my_logger.INFO: d9z5cMhDY8S7bAcm0LDwmpyrTPO8qzV6buWrBORz8yiRMrnBQbSdgYulu0tqTPtw Test 4 mit Encoding 2023-10-25T10:00 [] []
[2023-10-02 09:19:35] my_logger.INFO: Anlegen - Encrypted Identifier {"identifier":"B10oeBkoLAcocmYEDDYPPXUrBTMJRxozf395dzYZPR0yIwc7G3omC3k8MG8="} []
[2023-10-02 09:19:35] my_logger.INFO: Nachricht erfolgreich eingefügt {"identifier":"d9z5cMhDY8S7bAcm0LDwmpyrTPO8qzV6buWrBORz8yiRMrnBQbSdgYulu0tqTPtw"} []
[2023-10-02 09:19:36] my_logger.INFO: Anzeigen - Encrypted: {encryptedIdentifier} {"encryptedIdentifier":"B10oeBkoLAcocmYEDDYPPXUrBTMJRxozf395dzYZPR0yIwc7G3omC3k8MG8="} []
[2023-10-02 09:19:36] my_logger.INFO: Anzeigen - Identifier: {identifier} {"identifier":"d9z5cMhDY8S7bAcm0LDwmpyrTPO8qzV6buWrBORz8yiR"} []
[2023-10-02 09:19:38] my_logger.INFO: Abruf von /anzeigen/{identifier} {"identifier":"d9z5cMhDY8S7bAcm0LDwmpyrTPO8qzV6buWrBORz8yiR"} []
[2023-10-02 09:32:44] my_logger.INFO: Anlegen - Identifier {"identifier":"LdlbNDkyO6j15FzKwuQmfRkKNqsrZSEH"} []
[2023-10-02 09:32:44] my_logger.INFO: LdlbNDkyO6j15FzKwuQmfRkKNqsrZSEH Test Encode mit 32 2023-10-10T10:10 [] []
[2023-10-02 09:32:47] my_logger.INFO: Anlegen - Encrypted Identifier {"identifier":"LwA+LzQhLzo+fF8CWzEWGzISECkCZQgKZV5FPR0wLmM="} []
[2023-10-02 09:32:47] my_logger.INFO: Nachricht erfolgreich eingefügt {"identifier":"LdlbNDkyO6j15FzKwuQmfRkKNqsrZSEH"} []
[2023-10-02 09:32:48] my_logger.INFO: Anzeigen - Encrypted: {encryptedIdentifier} {"encryptedIdentifier":"LwA LzQhLzo fF8CWzEWGzISECkCZQgKZV5FPR0wLmM="} []
[2023-10-02 09:32:48] my_logger.INFO: Anzeigen - Identifier: {identifier} null []
[2023-10-02 09:32:50] my_logger.INFO: Abruf von /anzeigen/{identifier} null []
[2023-10-02 09:42:11] my_logger.INFO: Anlegen - Identifier {"identifier":"CsKIWv5xgQLyY65ZNjbdFMJwqVyE96BP"} []
[2023-10-02 09:42:11] my_logger.INFO: CsKIWv5xgQLyY65ZNjbdFMJwqVyE96BP Test 5 mit Encode 2023-10-10T10:10 [] []
[2023-10-02 09:42:13] my_logger.INFO: Anlegen - Encrypted Identifier {"identifier":"KUR9cRkwVDEkNgIqPnB0Fn5TK1QEFQ8gJj4Qcn1ECDM="} []
[2023-10-02 09:42:13] my_logger.INFO: Nachricht erfolgreich eingefügt {"identifier":"CsKIWv5xgQLyY65ZNjbdFMJwqVyE96BP"} []
[2023-10-02 09:42:14] my_logger.INFO: Anzeigen - Encrypted: {encryptedIdentifier} {"encryptedIdentifier":"KUR9cRkwVDEkNgIqPnB0Fn5TK1QEFQ8gJj4Qcn1ECDM="} []
[2023-10-02 09:42:14] my_logger.INFO: Anzeigen - Identifier: {identifier} {"identifier":"CsKIWv5xgQLyY65ZNjbdFMJwqVyE96BP"} []
[2023-10-02 09:42:16] my_logger.INFO: Abruf von /anzeigen/{identifier} {"identifier":"CsKIWv5xgQLyY65ZNjbdFMJwqVyE96BP"} []
[2023-10-02 09:46:27] my_logger.INFO: Anlegen - Identifier {"identifier":"O1299ZYP55jke9PBEqPpKnxkoaiUNSwEMeriieEt93klgyeR"} []
[2023-10-02 09:46:27] my_logger.INFO: O1299ZYP55jke9PBEqPpKnxkoaiUNSwEMeriieEt93klgyeR Test mit 48er und Base64 2023-10-15T15:00 [] []
[2023-10-02 09:46:29] my_logger.INFO: Anlegen - Encrypted Identifier {"identifier":"JQYEAXccOBl2UiQ4An8RDnVIGUAJNj08OAkAYgohPSY="} []
[2023-10-02 09:46:29] my_logger.INFO: Nachricht erfolgreich eingefügt {"identifier":"O1299ZYP55jke9PBEqPpKnxkoaiUNSwEMeriieEt93klgyeR"} []
[2023-10-02 09:46:33] my_logger.INFO: Anzeigen - Encrypted: {encryptedIdentifier} {"encryptedIdentifier":"JQYEAXccOBl2UiQ4An8RDnVIGUAJNj08OAkAYgohPSY="} []
[2023-10-02 09:46:33] my_logger.INFO: Anzeigen - Identifier: {identifier} {"identifier":"O1299ZYP55jke9PBEqPpKnxkoaiUNSwE"} []
[2023-10-02 09:46:35] my_logger.INFO: Abruf von /anzeigen/{identifier} {"identifier":"O1299ZYP55jke9PBEqPpKnxkoaiUNSwE"} []
[2023-10-02 09:47:55] my_logger.INFO: Anlegen - Identifier {"identifier":"d393LXa5L1Tf0C3DgVA82pLm5EIB1kuOY9rbOl9feF8e0LGF"} []
[2023-10-02 09:47:55] my_logger.INFO: d393LXa5L1Tf0C3DgVA82pLm5EIB1kuOY9rbOl9feF8e0LGF Base64 mit 48 und 48 Key 2023-10-15T16:00 [] []
[2023-10-02 09:47:57] my_logger.INFO: Anlegen - Encrypted Identifier {"identifier":"DgQPCwIeAHwPVho1VwVyCFdvCAhwKAk6Yi0gdXUZPywAUkouPzgLKyAvclRdfy0F"} []
[2023-10-02 09:47:57] my_logger.INFO: Nachricht erfolgreich eingefügt {"identifier":"d393LXa5L1Tf0C3DgVA82pLm5EIB1kuOY9rbOl9feF8e0LGF"} []
[2023-10-02 09:48:00] my_logger.INFO: Anzeigen - Encrypted: {encryptedIdentifier} {"encryptedIdentifier":"DgQPCwIeAHwPVho1VwVyCFdvCAhwKAk6Yi0gdXUZPywAUkouPzgLKyAvclRdfy0F"} []
[2023-10-02 09:48:00] my_logger.INFO: Anzeigen - Identifier: {identifier} {"identifier":"d393LXa5L1Tf0C3DgVA82pLm5EIB1kuOY9rbOl9feF8e0LGF"} []
[2023-10-02 09:48:02] my_logger.INFO: Abruf von /anzeigen/{identifier} {"identifier":"d393LXa5L1Tf0C3DgVA82pLm5EIB1kuOY9rbOl9feF8e0LGF"} []
[2023-10-02 09:52:13] my_logger.INFO: Anlegen - Identifier {"identifier":"agOovuMEufVI6bsaiAmdeGzfDCEuAJOHWYbZkwfMdC2kWiyi"} []
[2023-10-02 09:52:13] my_logger.INFO: agOovuMEufVI6bsaiAmdeGzfDCEuAJOHWYbZkwfMdC2kWiyi Neue Config 2023-10-15T15:00 [] []
[2023-10-02 09:52:15] my_logger.INFO: Anlegen - Encrypted Identifier {"identifier":"C1B5VzgzLAw2ARgaUSQyLVl4JFQnHz8xEyssQgU4BSsOMloWGyNUACEqeFo6WhMq"} []
[2023-10-02 09:52:15] my_logger.INFO: Nachricht erfolgreich eingefügt {"identifier":"agOovuMEufVI6bsaiAmdeGzfDCEuAJOHWYbZkwfMdC2kWiyi"} []
[2023-10-02 09:52:16] my_logger.INFO: Anzeigen - Encrypted: {encryptedIdentifier} {"encryptedIdentifier":"C1B5VzgzLAw2ARgaUSQyLVl4JFQnHz8xEyssQgU4BSsOMloWGyNUACEqeFo6WhMq"} []
[2023-10-02 09:52:16] my_logger.INFO: Anzeigen - Identifier: {identifier} {"identifier":"agOovuMEufVI6bsaiAmdeGzfDCEuAJOHWYbZkwfMdC2kWiyi"} []
[2023-10-02 09:52:18] my_logger.INFO: Abruf von /anzeigen/{identifier} {"identifier":"agOovuMEufVI6bsaiAmdeGzfDCEuAJOHWYbZkwfMdC2kWiyi"} []
[2023-10-02 10:07:22] my_logger.INFO: Anlegen - Identifier {"identifier":"8EVWz9KZ0iw3OdKg3kajnAhhlngLYudoiucRoQplub797bFB"} []
[2023-10-02 10:07:22] my_logger.INFO: 8EVWz9KZ0iw3OdKg3kajnAhhlngLYudoiucRoQplub797bFB Weitere Nachricht mit DB aus env 2023-10-20T20:10 [] []
[2023-10-02 10:07:25] my_logger.INFO: Anlegen - Encrypted Identifier {"identifier":"UnJgbzR/KhNzDjlgKCIKKwNSKFosGS0/OwYOex0HLgwwHlseHwVCITALfQhaUSwB"} []
[2023-10-02 10:07:25] my_logger.INFO: Nachricht erfolgreich eingefügt {"identifier":"8EVWz9KZ0iw3OdKg3kajnAhhlngLYudoiucRoQplub797bFB"} []
[2023-10-02 10:10:51] my_logger.INFO: Anlegen - Identifier {"identifier":"s3GmD4QGr2aVKMTO1eYGWJkvbqLrkzfbamKn5FnCs1807a3X"} []
[2023-10-02 10:10:51] my_logger.INFO: s3GmD4QGr2aVKMTO1eYGWJkvbqLrkzfbamKn5FnCs1807a3X Testnachricht mit URL Base64 2023-10-10T10:10 [] []
[2023-10-02 10:10:54] my_logger.INFO: Anlegen - Encrypted Identifier {"identifier":"GQRxVQpyMA4xVS8FLAsVAwFcEHcVEi4hNRklRS8ILAE4BnMiRRJcDjZYcgFaUlkb"} []
[2023-10-02 10:10:54] my_logger.INFO: Nachricht erfolgreich eingefügt {"identifier":"s3GmD4QGr2aVKMTO1eYGWJkvbqLrkzfbamKn5FnCs1807a3X"} []
[2023-10-02 10:10:55] my_logger.INFO: Anzeigen - Encrypted: {encryptedIdentifier} {"encryptedIdentifier":"GQRxVQpyMA4xVS8FLAsVAwFcEHcVEi4hNRklRS8ILAE4BnMiRRJcDjZYcgFaUlkb"} []
[2023-10-02 10:10:55] my_logger.INFO: Anzeigen - Identifier: {identifier} {"identifier":"s3GmD4QGr2aVKMTO1eYGWJkvbqLrkzfbamKn5FnCs1807a3X"} []
[2023-10-02 10:10:57] my_logger.INFO: Abruf von /anzeigen/{identifier} {"identifier":"s3GmD4QGr2aVKMTO1eYGWJkvbqLrkzfbamKn5FnCs1807a3X"} []
[2023-10-02 10:13:32] my_logger.INFO: Anzeigen - Encrypted: {encryptedIdentifier} {"encryptedIdentifier":"GQRxVQpyMA4xVS8FLAsVAwFcEHcVEi4hNRklRS8ILAE4BnMiRRJcDjZYcgFaUlkb"} []
[2023-10-02 10:13:32] my_logger.INFO: Anzeigen - Identifier: {identifier} {"identifier":"s3GmD4QGr2aVKMTO1eYGWJkvbqLrkzfbamKn5FnCs1807a3X"} []
[2023-10-02 10:13:34] my_logger.INFO: Abruf von /anzeigen/{identifier} {"identifier":"s3GmD4QGr2aVKMTO1eYGWJkvbqLrkzfbamKn5FnCs1807a3X"} []
[2023-10-02 10:13:38] my_logger.INFO: Anzeigen - Encrypted: {encryptedIdentifier} {"encryptedIdentifier":"GQRxVQpyMA4xVS8FLAsVAwFcEHcVEi4hNRklRS8ILAE4BnMiRRJcDjZYcgFaUlkb"} []
[2023-10-02 10:13:38] my_logger.INFO: Anzeigen - Identifier: {identifier} {"identifier":"s3GmD4QGr2aVKMTO1eYGWJkvbqLrkzfbamKn5FnCs1807a3X"} []
[2023-10-02 10:13:40] my_logger.INFO: Abruf von /anzeigen/{identifier} {"identifier":"s3GmD4QGr2aVKMTO1eYGWJkvbqLrkzfbamKn5FnCs1807a3X"} []
[2023-10-02 11:04:48] my_logger.INFO: Anzeigen - Identifier: {identifier} {"identifier":"s3GmD4QGr2aVKMTO1eYGWJkvbqLrkzfbamKn5FnCs1807a3X"} []
[2023-10-02 11:04:50] my_logger.INFO: Abruf von /anzeigen/{identifier} {"identifier":"s3GmD4QGr2aVKMTO1eYGWJkvbqLrkzfbamKn5FnCs1807a3X"} []
[2023-10-02 11:05:06] my_logger.INFO: Anlegen: z8Owaskaxoaln3Ya8icm6vIfJWtfk8lARVwhBdEffQs2Xd1w Nachricht: Testnachricht mit unique Identifier Ablauf: 2024-02-20T16:00 [] []
[2023-10-02 11:05:08] my_logger.INFO: Nachricht erfolgreich eingefügt {"identifier":"z8Owaskaxoaln3Ya8icm6vIfJWtfk8lARVwhBdEffQs2Xd1w"} []
[2023-10-02 11:05:11] my_logger.INFO: Anzeigen - Identifier: {identifier} {"identifier":"z8Owaskaxoaln3Ya8icm6vIfJWtfk8lARVwhBdEffQs2Xd1w"} []
[2023-10-02 11:05:13] my_logger.INFO: Abruf von /anzeigen/{identifier} {"identifier":"z8Owaskaxoaln3Ya8icm6vIfJWtfk8lARVwhBdEffQs2Xd1w"} []
[2023-10-02 11:05:20] my_logger.INFO: Anzeigen - Identifier: {identifier} {"identifier":"z8Owaskaxoaln3Ya8icm6vIfJWtfk8lARVwhBdEffQs2Xd1w"} []
[2023-10-02 11:05:22] my_logger.INFO: Abruf von /anzeigen/{identifier} {"identifier":"z8Owaskaxoaln3Ya8icm6vIfJWtfk8lARVwhBdEffQs2Xd1w"} []
[2023-10-10 17:01:13] my_logger.INFO: Anlegen: lnAc7EexjdqTyNpwmAdff0uYoD4idMJXE0PeIYLp88dXeWfj Nachricht: Testnachricht mit .htpasswd Ablauf: 2023-10-16T22:00 [] []
[2023-10-10 17:01:15] my_logger.INFO: Nachricht erfolgreich eingefügt {"identifier":"lnAc7EexjdqTyNpwmAdff0uYoD4idMJXE0PeIYLp88dXeWfj"} []
[2023-10-10 17:01:17] my_logger.INFO: Anzeigen - Identifier: {identifier} {"identifier":"lnAc7EexjdqTyNpwmAdff0uYoD4idMJXE0PeIYLp88dXeWfj"} []
[2023-10-10 17:01:19] my_logger.INFO: Abruf von /anzeigen/{identifier} {"identifier":"lnAc7EexjdqTyNpwmAdff0uYoD4idMJXE0PeIYLp88dXeWfj"} []
[2023-10-10 17:14:19] my_logger.INFO: Anzeigen - Identifier: {identifier} {"identifier":"z8Owaskaxoaln3Ya8icm6vIfJWtfk8lARVwhBdEffQs2Xd1w"} []
[2023-10-10 17:14:21] my_logger.INFO: Abruf von /anzeigen/{identifier} {"identifier":"z8Owaskaxoaln3Ya8icm6vIfJWtfk8lARVwhBdEffQs2Xd1w"} []
[2023-10-10 17:23:48] my_logger.INFO: Anzeigen - Identifier: {identifier} {"identifier":"z8Owaskaxoaln3Ya8icm6vIfJWtfk8lARVwhBdEffQs2Xd1w"} []
[2023-10-10 17:23:50] my_logger.INFO: Abruf von /anzeigen/{identifier} {"identifier":"z8Owaskaxoaln3Ya8icm6vIfJWtfk8lARVwhBdEffQs2Xd1w"} []
[2023-10-10 17:23:57] my_logger.INFO: Anzeigen - Identifier: {identifier} {"identifier":"z8Owaskaxoaln3Ya8icm6vIfJWtfk8lARVwhBdEffQs2Xd1w"} []
[2023-10-10 17:23:59] my_logger.INFO: Abruf von /anzeigen/{identifier} {"identifier":"z8Owaskaxoaln3Ya8icm6vIfJWtfk8lARVwhBdEffQs2Xd1w"} []
[2023-10-10 17:24:15] my_logger.INFO: Anlegen: ZFZlwoczWwDqPde99vDBVxZpVb1cIMHv33707c7ayYMVcSuU Nachricht: Test mit neuer Struktur Ablauf: 2023-10-18T20:25 [] []
[2023-10-10 17:24:17] my_logger.INFO: Nachricht erfolgreich eingefügt {"identifier":"ZFZlwoczWwDqPde99vDBVxZpVb1cIMHv33707c7ayYMVcSuU"} []
[2023-10-10 17:24:18] my_logger.INFO: Anzeigen - Identifier: {identifier} {"identifier":"ZFZlwoczWwDqPde99vDBVxZpVb1cIMHv33707c7ayYMVcSuU"} []
[2023-10-10 17:24:20] my_logger.INFO: Abruf von /anzeigen/{identifier} {"identifier":"ZFZlwoczWwDqPde99vDBVxZpVb1cIMHv33707c7ayYMVcSuU"} []
[2023-10-11 11:54:24] my_logger.INFO: Anlegen: YiaH9tL0aJh6pKepMV4XonWzxTxr7w8v8cgVIm1LdW1s4Plu Nachricht: Dies ist eine Testnachricht Ablauf: 1989-07-20T10:00 [] []
[2023-10-11 11:54:26] my_logger.INFO: Nachricht erfolgreich eingefügt {"identifier":"YiaH9tL0aJh6pKepMV4XonWzxTxr7w8v8cgVIm1LdW1s4Plu"} []
[2023-10-11 11:54:28] my_logger.INFO: Anzeigen - Identifier: {identifier} {"identifier":"YiaH9tL0aJh6pKepMV4XonWzxTxr7w8v8cgVIm1LdW1s4Plu"} []
[2023-10-11 11:54:30] my_logger.INFO: Abruf von /anzeigen/{identifier} {"identifier":"YiaH9tL0aJh6pKepMV4XonWzxTxr7w8v8cgVIm1LdW1s4Plu"} []
[2023-10-13 07:18:35] my_logger.INFO: Anzeigen - Identifier: {identifier} {"identifier":"ZFZlwoczWwDqPde99vDBVxZpVb1cIMHv33707c7ayYMVcSuU"} []
[2023-10-13 07:18:38] my_logger.INFO: Abruf von /anzeigen/{identifier} {"identifier":"ZFZlwoczWwDqPde99vDBVxZpVb1cIMHv33707c7ayYMVcSuU"} []
[2023-10-13 08:32:17] my_logger.INFO: Anlegen: tYX83QwqVIZfIzleqmUYTRCCedZO3lR8YIMLj6j81zOKMhri Nachricht: Test mit Design Ablauf: 2023-10-20T20:20 [] []
[2023-10-13 08:32:19] my_logger.INFO: Nachricht erfolgreich eingefügt {"identifier":"tYX83QwqVIZfIzleqmUYTRCCedZO3lR8YIMLj6j81zOKMhri"} []
[2023-10-29 10:17:31] my_logger.INFO: Anlegen: Jflu7fFv90o1tgVazWtiBTioy3CLe3Ez4u9MTQ8LFIczq0nk Nachricht: Test mit Design Ablauf: 2023-10-30T20:20 [] []
[2023-10-29 10:17:34] my_logger.INFO: Nachricht erfolgreich eingefügt {"identifier":"Jflu7fFv90o1tgVazWtiBTioy3CLe3Ez4u9MTQ8LFIczq0nk"} []
[2023-10-29 10:23:46] my_logger.INFO: Anlegen: hIEHHIlFwh6isFuJYR6uVELugTaTn7Mk6DyX8sKVvbzFwyIJ Nachricht: Test mit Design2 Ablauf: 2023-10-30T20:20 [] []
[2023-10-29 10:23:48] my_logger.INFO: Nachricht erfolgreich eingefügt {"identifier":"hIEHHIlFwh6isFuJYR6uVELugTaTn7Mk6DyX8sKVvbzFwyIJ"} []
[2023-10-29 10:28:14] my_logger.INFO: Anlegen: KeiLrTAzdfYDFVXyVQpQbXKXex8OWqCqQAeJH5LvsA0pkykI Nachricht: Test mit Design3 Ablauf: 2023-10-30T20:20 [] []
[2023-10-29 10:28:17] my_logger.INFO: Nachricht erfolgreich eingefügt {"identifier":"KeiLrTAzdfYDFVXyVQpQbXKXex8OWqCqQAeJH5LvsA0pkykI"} []
[2023-10-29 11:01:10] my_logger.INFO: Anlegen: nZLE974Y6ffkbvNNXurYWsOHmY0eXaxfEJw8FyFdUgd3LIvo Nachricht: Test mit Design4 Ablauf: 2023-10-30T20:20 [] []
[2023-10-29 11:01:12] my_logger.INFO: Nachricht erfolgreich eingefügt {"identifier":"nZLE974Y6ffkbvNNXurYWsOHmY0eXaxfEJw8FyFdUgd3LIvo"} []
[2023-10-29 11:01:31] my_logger.INFO: Anlegen: TgK7aLJqoKySGtYLLksjsUaej79BbY4rT0xsTn7ZTwyp1EB8 Nachricht: Test mit Design4 Ablauf: 2023-10-30T20:20 [] []
[2023-10-29 11:01:33] my_logger.INFO: Nachricht erfolgreich eingefügt {"identifier":"TgK7aLJqoKySGtYLLksjsUaej79BbY4rT0xsTn7ZTwyp1EB8"} []
[2023-10-29 11:02:31] my_logger.INFO: Anlegen: 6DsKT62PpjRovO8MLZONN4dV1IQaZ7k6lsPfi75blS21YX39 Nachricht: Test mit Design4 Ablauf: 2023-10-30T20:20 [] []
[2023-10-29 11:02:34] my_logger.INFO: Nachricht erfolgreich eingefügt {"identifier":"6DsKT62PpjRovO8MLZONN4dV1IQaZ7k6lsPfi75blS21YX39"} []
[2023-10-29 11:07:35] my_logger.INFO: Anlegen: maGsb5Vf9x7ViwRFpnZtDKKuALjwQPRUJwi5U8oWwO9PbHYr Nachricht: Test mit Design5 Ablauf: 2023-10-30T20:20 [] []
[2023-10-29 11:07:37] my_logger.INFO: Nachricht erfolgreich eingefügt {"identifier":"maGsb5Vf9x7ViwRFpnZtDKKuALjwQPRUJwi5U8oWwO9PbHYr"} []
[2023-10-29 11:07:54] my_logger.INFO: Anlegen: BnansAkqzCCVFMi7yNzgGizHRkEA76PhP7OJVklKBU1z4wPB Nachricht: Test mit Design6 Ablauf: 2023-10-30T20:20 [] []
[2023-10-29 11:07:56] my_logger.INFO: Nachricht erfolgreich eingefügt {"identifier":"BnansAkqzCCVFMi7yNzgGizHRkEA76PhP7OJVklKBU1z4wPB"} []
[2023-10-29 11:08:59] my_logger.INFO: Anlegen: vwKtgaFRNP5eMNQkDGJRiHiLHJZaTj2kHC4tWJDLAhCEn7s8 Nachricht: Test mit Design7 Ablauf: 2023-10-30T20:20 [] []
[2023-10-29 11:09:01] my_logger.INFO: Nachricht erfolgreich eingefügt {"identifier":"vwKtgaFRNP5eMNQkDGJRiHiLHJZaTj2kHC4tWJDLAhCEn7s8"} []
[2023-10-29 11:09:14] my_logger.INFO: Anlegen: fYOtJfw3SAAFq0W4JqPgypaybUfF89usxNMwxunIasC2L5wP Nachricht: Test mit Design8 Ablauf: 2023-10-30T20:20 [] []
[2023-10-29 11:09:16] my_logger.INFO: Nachricht erfolgreich eingefügt {"identifier":"fYOtJfw3SAAFq0W4JqPgypaybUfF89usxNMwxunIasC2L5wP"} []
[2023-10-29 11:09:40] my_logger.INFO: Anlegen: 2T46yFDHEaG5Bir7oMj2iKfJabewhYJujL0MKqSjxaKBgFbW Nachricht: Test mit Design9 Ablauf: 2023-10-30T20:20 [] []
[2023-10-29 11:09:42] my_logger.INFO: Nachricht erfolgreich eingefügt {"identifier":"2T46yFDHEaG5Bir7oMj2iKfJabewhYJujL0MKqSjxaKBgFbW"} []
[2023-10-29 11:13:58] my_logger.INFO: Anlegen: PUr2F1VkV5AKWflCCUTaxWCYfeuXIBbfMMz5FYeGBCI7MyoY Nachricht: Test mit Design10 Ablauf: 2023-10-30T20:20 [] []
[2023-10-29 11:14:00] my_logger.INFO: Nachricht erfolgreich eingefügt {"identifier":"PUr2F1VkV5AKWflCCUTaxWCYfeuXIBbfMMz5FYeGBCI7MyoY"} []
[2023-10-29 11:14:57] my_logger.INFO: Anlegen: ji99dBWkZ385YzjhRYMLAuzVF5Ax2iV0b0be8o1KGFsZ8R6v Nachricht: Test123 Ablauf: 2023-11-30T15:00 [] []
[2023-10-29 11:14:59] my_logger.INFO: Nachricht erfolgreich eingefügt {"identifier":"ji99dBWkZ385YzjhRYMLAuzVF5Ax2iV0b0be8o1KGFsZ8R6v"} []
[2023-10-29 11:16:33] my_logger.INFO: Anlegen: XDz7NeXaNyO9S6jyfs3iXvcNhawagfFQeuWsF671OtjgbGek Nachricht: Test124 Ablauf: 2023-11-30T15:00 [] []
[2023-10-29 11:16:35] my_logger.INFO: Nachricht erfolgreich eingefügt {"identifier":"XDz7NeXaNyO9S6jyfs3iXvcNhawagfFQeuWsF671OtjgbGek"} []
[2023-10-29 11:17:11] my_logger.INFO: Anzeigen - Identifier: {identifier} {"identifier":"XDz7NeXaNyO9S6jyfs3iXvcNhawagfFQeuWsF671OtjgbGek"} []
[2023-10-29 11:17:13] my_logger.INFO: Abruf von /anzeigen/{identifier} {"identifier":"XDz7NeXaNyO9S6jyfs3iXvcNhawagfFQeuWsF671OtjgbGek"} []
[2023-10-29 11:17:19] my_logger.INFO: Anzeigen - Identifier: {identifier} {"identifier":"XDz7NeXaNyO9S6jyfs3iXvcNhawagfFQeuWsF671OtjgbGek"} []
[2023-10-29 11:17:21] my_logger.INFO: Abruf von /anzeigen/{identifier} {"identifier":"XDz7NeXaNyO9S6jyfs3iXvcNhawagfFQeuWsF671OtjgbGek"} []
[2023-10-29 11:20:56] my_logger.INFO: Anzeigen - Identifier: {identifier} {"identifier":"ZFZlwoczWwDqPde99vDBVxZpVb1cIMHv33707c7ayYMVcSuU"} []
[2023-10-29 11:20:58] my_logger.INFO: Abruf von /anzeigen/{identifier} {"identifier":"ZFZlwoczWwDqPde99vDBVxZpVb1cIMHv33707c7ayYMVcSuU"} []
[2023-10-29 11:21:03] my_logger.INFO: Anlegen: 1Z0uM6OKcW0xjfSG28jmNJEqSRUoh9VBVN9xYecZiv34h0pq Nachricht: Test125 Ablauf: 2023-11-30T15:00 [] []
[2023-10-29 11:21:05] my_logger.INFO: Nachricht erfolgreich eingefügt {"identifier":"1Z0uM6OKcW0xjfSG28jmNJEqSRUoh9VBVN9xYecZiv34h0pq"} []
[2023-10-29 11:21:08] my_logger.INFO: Anzeigen - Identifier: {identifier} {"identifier":"1Z0uM6OKcW0xjfSG28jmNJEqSRUoh9VBVN9xYecZiv34h0pq"} []
[2023-10-29 11:21:10] my_logger.INFO: Abruf von /anzeigen/{identifier} {"identifier":"1Z0uM6OKcW0xjfSG28jmNJEqSRUoh9VBVN9xYecZiv34h0pq"} []
[2023-10-29 11:21:16] my_logger.INFO: Anzeigen - Identifier: {identifier} {"identifier":"1Z0uM6OKcW0xjfSG28jmNJEqSRUoh9VBVN9xYecZiv34h0pq"} []
[2023-10-29 11:21:18] my_logger.INFO: Abruf von /anzeigen/{identifier} {"identifier":"1Z0uM6OKcW0xjfSG28jmNJEqSRUoh9VBVN9xYecZiv34h0pq"} []
[2023-10-29 11:26:26] my_logger.INFO: Anlegen: pydLVmrtjVn8NcHk6eo8fV5MCHLBEdBZMLkXbGPjSCOpRwkS Nachricht: Test 2365 Ablauf: 2023-11-30T15:15 [] []
[2023-10-29 11:26:28] my_logger.INFO: Nachricht erfolgreich eingefügt {"identifier":"pydLVmrtjVn8NcHk6eo8fV5MCHLBEdBZMLkXbGPjSCOpRwkS"} []
[2023-10-29 11:32:11] my_logger.INFO: Anlegen: LN6TffbmZSBrNhM3jF4muuu2nyWar5EJ9HwdtIacUPCmFsnU Nachricht: Test 2365 Ablauf: 2023-11-30T15:15 [] []
[2023-10-29 11:32:13] my_logger.INFO: Nachricht erfolgreich eingefügt {"identifier":"LN6TffbmZSBrNhM3jF4muuu2nyWar5EJ9HwdtIacUPCmFsnU"} []
[2023-10-29 11:34:33] my_logger.INFO: Anzeigen - Identifier: {identifier} {"identifier":"1Z0uM6OKcW0xjfSG28jmNJEqSRUoh9VBVN9xYecZiv34h0pq"} []
[2023-10-29 11:34:35] my_logger.INFO: Abruf von /anzeigen/{identifier} {"identifier":"1Z0uM6OKcW0xjfSG28jmNJEqSRUoh9VBVN9xYecZiv34h0pq"} []
[2023-10-29 11:34:40] my_logger.INFO: Anzeigen - Identifier: {identifier} {"identifier":"1Z0uM6OKcW0xjfSG28jmNJEqSRUoh9VBVN9xYecZiv34h0pq"} []
[2023-10-29 11:34:42] my_logger.INFO: Abruf von /anzeigen/{identifier} {"identifier":"1Z0uM6OKcW0xjfSG28jmNJEqSRUoh9VBVN9xYecZiv34h0pq"} []
[2023-10-29 11:34:55] my_logger.INFO: Anzeigen - Identifier: {identifier} {"identifier":"1Z0uM6OKcW0xjfSG28jmNJEqSRUoh9VBVN9xYecZiv34h0pq"} []
[2023-10-29 11:34:57] my_logger.INFO: Abruf von /anzeigen/{identifier} {"identifier":"1Z0uM6OKcW0xjfSG28jmNJEqSRUoh9VBVN9xYecZiv34h0pq"} []
[2023-10-29 11:36:44] my_logger.INFO: Anzeigen - Identifier: {identifier} {"identifier":"1Z0uM6OKcW0xjfSG28jmNJEqSRUoh9VBVN9xYecZiv34h0pq"} []
[2023-10-29 11:36:46] my_logger.INFO: Abruf von /anzeigen/{identifier} {"identifier":"1Z0uM6OKcW0xjfSG28jmNJEqSRUoh9VBVN9xYecZiv34h0pq"} []
[2023-10-29 11:37:45] my_logger.INFO: Anzeigen - Identifier: {identifier} {"identifier":"1Z0uM6OKcW0xjfSG28jmNJEqSRUoh9VBVN9xYecZiv34h0pq"} []
[2023-10-29 11:37:47] my_logger.INFO: Abruf von /anzeigen/{identifier} {"identifier":"1Z0uM6OKcW0xjfSG28jmNJEqSRUoh9VBVN9xYecZiv34h0pq"} []
[2023-10-29 11:37:49] my_logger.INFO: Anzeigen - Identifier: {identifier} {"identifier":"1Z0uM6OKcW0xjfSG28jmNJEqSRUoh9VBVN9xYecZiv34h0pq"} []
[2023-10-29 11:37:51] my_logger.INFO: Abruf von /anzeigen/{identifier} {"identifier":"1Z0uM6OKcW0xjfSG28jmNJEqSRUoh9VBVN9xYecZiv34h0pq"} []
[2023-10-29 11:39:35] my_logger.INFO: Anzeigen - Identifier: {identifier} {"identifier":"1Z0uM6OKcW0xjfSG28jmNJEqSRUoh9VBVN9xYecZiv34h0pq"} []
[2023-10-29 11:39:37] my_logger.INFO: Abruf von /anzeigen/{identifier} {"identifier":"1Z0uM6OKcW0xjfSG28jmNJEqSRUoh9VBVN9xYecZiv34h0pq"} []
[2023-10-29 11:40:14] my_logger.INFO: Anzeigen - Identifier: {identifier} {"identifier":"1Z0uM6OKcW0xjfSG28jmNJEqSRUoh9VBVN9xYecZiv34h0pq"} []
[2023-10-29 11:40:16] my_logger.INFO: Abruf von /anzeigen/{identifier} {"identifier":"1Z0uM6OKcW0xjfSG28jmNJEqSRUoh9VBVN9xYecZiv34h0pq"} []
[2023-10-29 11:41:04] my_logger.INFO: Anzeigen - Identifier: {identifier} {"identifier":"1Z0uM6OKcW0xjfSG28jmNJEqSRUoh9VBVN9xYecZiv34h0pq"} []
[2023-10-29 11:41:06] my_logger.INFO: Abruf von /anzeigen/{identifier} {"identifier":"1Z0uM6OKcW0xjfSG28jmNJEqSRUoh9VBVN9xYecZiv34h0pq"} []
[2023-10-29 11:41:43] my_logger.INFO: Anzeigen - Identifier: {identifier} {"identifier":"1Z0uM6OKcW0xjfSG28jmNJEqSRUoh9VBVN9xYecZiv34h0pq"} []
[2023-10-29 11:41:45] my_logger.INFO: Abruf von /anzeigen/{identifier} {"identifier":"1Z0uM6OKcW0xjfSG28jmNJEqSRUoh9VBVN9xYecZiv34h0pq"} []
[2023-10-29 11:43:02] my_logger.INFO: Anzeigen - Identifier: {identifier} {"identifier":"1Z0uM6OKcW0xjfSG28jmNJEqSRUoh9VBVN9xYecZiv34h0pq"} []
[2023-10-29 11:43:04] my_logger.INFO: Abruf von /anzeigen/{identifier} {"identifier":"1Z0uM6OKcW0xjfSG28jmNJEqSRUoh9VBVN9xYecZiv34h0pq"} []
[2023-10-29 11:43:25] my_logger.INFO: Anzeigen - Identifier: {identifier} {"identifier":"1Z0uM6OKcW0xjfSG28jmNJEqSRUoh9VBVN9xYecZiv34h0pq"} []
[2023-10-29 11:43:27] my_logger.INFO: Abruf von /anzeigen/{identifier} {"identifier":"1Z0uM6OKcW0xjfSG28jmNJEqSRUoh9VBVN9xYecZiv34h0pq"} []
[2023-10-29 11:43:48] my_logger.INFO: Anzeigen - Identifier: {identifier} {"identifier":"1Z0uM6OKcW0xjfSG28jmNJEqSRUoh9VBVN9xYecZiv34h0pq"} []
[2023-10-29 11:43:50] my_logger.INFO: Abruf von /anzeigen/{identifier} {"identifier":"1Z0uM6OKcW0xjfSG28jmNJEqSRUoh9VBVN9xYecZiv34h0pq"} []
[2023-10-29 11:45:08] my_logger.INFO: Anzeigen - Identifier: {identifier} {"identifier":"1Z0uM6OKcW0xjfSG28jmNJEqSRUoh9VBVN9xYecZiv34h0pq"} []
[2023-10-29 11:45:10] my_logger.INFO: Abruf von /anzeigen/{identifier} {"identifier":"1Z0uM6OKcW0xjfSG28jmNJEqSRUoh9VBVN9xYecZiv34h0pq"} []
[2023-10-29 11:46:13] my_logger.INFO: Anzeigen - Identifier: {identifier} {"identifier":"1Z0uM6OKcW0xjfSG28jmNJEqSRUoh9VBVN9xYecZiv34h0pq"} []
[2023-10-29 11:46:15] my_logger.INFO: Abruf von /anzeigen/{identifier} {"identifier":"1Z0uM6OKcW0xjfSG28jmNJEqSRUoh9VBVN9xYecZiv34h0pq"} []
[2023-10-29 11:46:51] my_logger.INFO: Anzeigen - Identifier: {identifier} {"identifier":"1Z0uM6OKcW0xjfSG28jmNJEqSRUoh9VBVN9xYecZiv34h0pq"} []
[2023-10-29 11:46:53] my_logger.INFO: Abruf von /anzeigen/{identifier} {"identifier":"1Z0uM6OKcW0xjfSG28jmNJEqSRUoh9VBVN9xYecZiv34h0pq"} []
[2023-10-29 11:47:03] my_logger.INFO: Anzeigen - Identifier: {identifier} {"identifier":"1Z0uM6OKcW0xjfSG28jmNJEqSRUoh9VBVN9xYecZiv34h0pq"} []
[2023-10-29 11:47:05] my_logger.INFO: Abruf von /anzeigen/{identifier} {"identifier":"1Z0uM6OKcW0xjfSG28jmNJEqSRUoh9VBVN9xYecZiv34h0pq"} []
[2023-10-29 11:47:16] my_logger.INFO: Anzeigen - Identifier: {identifier} {"identifier":"1Z0uM6OKcW0xjfSG28jmNJEqSRUoh9VBVN9xYecZiv34h0pq"} []
[2023-10-29 11:47:18] my_logger.INFO: Abruf von /anzeigen/{identifier} {"identifier":"1Z0uM6OKcW0xjfSG28jmNJEqSRUoh9VBVN9xYecZiv34h0pq"} []
[2023-10-29 11:48:08] my_logger.INFO: Anlegen: KK6hGJLK5byOvpg0mAEp9h91kf0dEwPYFCTstxvagGRacFhu Nachricht: Test 2365 Ablauf: 2023-11-30T15:15 [] []
[2023-10-29 11:48:10] my_logger.INFO: Nachricht erfolgreich eingefügt {"identifier":"KK6hGJLK5byOvpg0mAEp9h91kf0dEwPYFCTstxvagGRacFhu"} []
[2023-10-29 11:48:44] my_logger.INFO: Anzeigen - Identifier: {identifier} {"identifier":"1Z0uM6OKcW0xjfSG28jmNJEqSRUoh9VBVN9xYecZiv34h0pq"} []
[2023-10-29 11:48:46] my_logger.INFO: Abruf von /anzeigen/{identifier} {"identifier":"1Z0uM6OKcW0xjfSG28jmNJEqSRUoh9VBVN9xYecZiv34h0pq"} []
[2023-10-29 11:48:48] my_logger.INFO: Anzeigen - Identifier: {identifier} {"identifier":"1Z0uM6OKcW0xjfSG28jmNJEqSRUoh9VBVN9xYecZiv34h0pq"} []
[2023-10-29 11:48:50] my_logger.INFO: Abruf von /anzeigen/{identifier} {"identifier":"1Z0uM6OKcW0xjfSG28jmNJEqSRUoh9VBVN9xYecZiv34h0pq"} []
[2023-11-07 09:32:10] my_logger.INFO: Anlegen: 3YZjmoQ5m7qZ8dPIQg5KJ1Wkkx4HJMoR21CTfyOh2Motvd64 Nachricht: Dies ist eine Testnachricht Ablauf: 2023-11-30T15:00 [] []
[2023-11-07 09:32:12] my_logger.INFO: Nachricht erfolgreich eingefügt {"identifier":"3YZjmoQ5m7qZ8dPIQg5KJ1Wkkx4HJMoR21CTfyOh2Motvd64"} []
[2023-11-07 09:32:35] my_logger.INFO: Anzeigen - Identifier: {identifier} {"identifier":"3YZjmoQ5m7qZ8dPIQg5KJ1Wkkx4HJMoR21CTfyOh2Motvd64"} []
[2023-11-07 09:32:37] my_logger.INFO: Abruf von /anzeigen/{identifier} {"identifier":"3YZjmoQ5m7qZ8dPIQg5KJ1Wkkx4HJMoR21CTfyOh2Motvd64"} []
[2023-11-20 16:57:27] my_logger.INFO: Anzeigen - Identifier: {identifier} {"identifier":"3YZjmoQ5m7qZ8dPIQg5KJ1Wkkx4HJMoR21CTfyOh2Motvd64"} []
[2023-11-20 16:57:29] my_logger.INFO: Abruf von /anzeigen/{identifier} {"identifier":"3YZjmoQ5m7qZ8dPIQg5KJ1Wkkx4HJMoR21CTfyOh2Motvd64"} []
[2023-11-20 16:57:37] my_logger.INFO: Anzeigen - Identifier: {identifier} null []
[2023-11-20 16:57:39] my_logger.INFO: Abruf von /anzeigen/{identifier} null []
[2023-11-20 18:46:02] my_logger.INFO: Abfrage der gesamten Datenbank [] []
[2023-11-20 18:46:41] my_logger.INFO: Abfrage der gesamten Datenbank [] []
[2023-11-20 18:54:52] my_logger.INFO: Abfrage der gesamten Datenbank [] []
[2023-11-20 18:59:48] my_logger.INFO: Abfrage der gesamten Datenbank [] []
[2023-11-20 19:00:12] my_logger.INFO: Abfrage der gesamten Datenbank [] []
[2023-11-20 19:02:46] my_logger.INFO: Abfrage der gesamten Datenbank [] []
[2023-11-20 19:04:57] my_logger.INFO: Abfrage der gesamten Datenbank [] []
[2023-11-20 19:05:13] my_logger.INFO: Abfrage der gesamten Datenbank [] []
[2023-11-20 19:05:32] my_logger.INFO: Abfrage der gesamten Datenbank [] []
[2023-11-20 19:08:58] my_logger.INFO: Abfrage der gesamten Datenbank [] []
[2023-11-20 19:25:06] my_logger.INFO: Abfrage der gesamten Datenbank [] []
[2023-11-20 19:25:39] my_logger.INFO: Abfrage der gesamten Datenbank [] []
[2023-11-20 19:25:51] my_logger.INFO: Abfrage der gesamten Datenbank [] []
[2023-11-20 19:26:00] my_logger.INFO: Abfrage der gesamten Datenbank [] []
[2023-11-20 19:27:08] my_logger.INFO: Abfrage der gesamten Datenbank [] []
[2023-11-20 19:30:01] my_logger.INFO: Abfrage der gesamten Datenbank [] []
[2023-11-20 19:30:11] my_logger.INFO: Abfrage der gesamten Datenbank [] []
[2023-11-20 19:30:16] my_logger.INFO: Abfrage der gesamten Datenbank [] []
[2023-11-21 15:47:41] my_logger.INFO: Abfrage der gesamten Datenbank [] []
[2023-11-21 15:47:47] my_logger.INFO: Abfrage der gesamten Datenbank [] []
[2023-11-21 15:48:34] my_logger.INFO: Abfrage der gesamten Datenbank [] []
[2023-11-21 15:48:40] my_logger.INFO: Abfrage der gesamten Datenbank [] []
[2023-11-21 15:49:20] my_logger.INFO: Abfrage der gesamten Datenbank [] []
[2023-11-21 15:49:50] my_logger.INFO: Abfrage der gesamten Datenbank [] []
[2023-11-21 15:49:56] my_logger.INFO: Abfrage der gesamten Datenbank [] []
[2023-11-21 15:51:31] my_logger.INFO: Abfrage der gesamten Datenbank [] []
[2023-11-21 15:52:10] my_logger.INFO: Abfrage der gesamten Datenbank [] []
[2023-11-21 15:58:55] my_logger.INFO: Abfrage der gesamten Datenbank [] []
[2023-11-21 15:59:19] my_logger.INFO: Abfrage der gesamten Datenbank [] []
[2023-11-21 15:59:52] my_logger.INFO: Abfrage der gesamten Datenbank [] []
[2023-11-21 15:59:59] my_logger.INFO: Abfrage der gesamten Datenbank [] []
[2023-11-21 16:03:17] my_logger.INFO: Abfrage der gesamten Datenbank [] []
[2023-11-21 16:03:54] my_logger.INFO: Abfrage der gesamten Datenbank [] []
[2023-11-21 16:05:06] my_logger.INFO: Abfrage der gesamten Datenbank [] []
[2023-11-21 16:05:47] my_logger.INFO: Abfrage der gesamten Datenbank [] []
[2023-11-21 16:11:32] my_logger.INFO: Abfrage der gesamten Datenbank [] []
[2023-11-21 16:19:59] my_logger.INFO: Abfrage der gesamten Datenbank [] []
[2023-11-21 16:20:13] my_logger.INFO: Abfrage der gesamten Datenbank [] []
[2023-11-21 16:26:32] my_logger.INFO: Abfrage der gesamten Datenbank [] []
[2023-11-21 16:26:55] my_logger.INFO: Abfrage der gesamten Datenbank [] []
[2023-11-21 16:27:14] my_logger.INFO: Abfrage der gesamten Datenbank [] []
[2023-11-21 16:28:09] my_logger.INFO: Abfrage der gesamten Datenbank [] []
[2023-11-21 16:28:27] my_logger.INFO: Abfrage der gesamten Datenbank [] []
[2023-11-21 16:28:47] my_logger.INFO: Abfrage der gesamten Datenbank [] []
[2023-11-21 16:29:52] my_logger.INFO: Abfrage der gesamten Datenbank [] []
[2023-11-21 16:31:36] my_logger.INFO: Abfrage der gesamten Datenbank [] []
[2023-11-21 16:35:13] my_logger.INFO: Abfrage der gesamten Datenbank [] []
[2023-11-21 16:35:42] my_logger.INFO: Abfrage der gesamten Datenbank [] []
[2023-11-21 16:37:17] my_logger.INFO: Abfrage der gesamten Datenbank [] []
[2023-11-21 16:37:38] my_logger.INFO: Abfrage der gesamten Datenbank [] []
[2023-11-21 16:38:14] my_logger.INFO: Abfrage der gesamten Datenbank [] []
[2023-11-21 16:38:43] my_logger.INFO: Abfrage der gesamten Datenbank [] []
[2023-11-21 16:38:46] my_logger.INFO: Löschen des Eintrags mit Identifier: {identifier} {"identifier":"2T46yFDHEaG5Bir7oMj2iKfJabewhYJujL0MKqSjxaKBgFbW"} []
[2023-11-21 16:38:46] my_logger.ERROR: Ungültige Eingabe für den Identifier: {identifier} {"identifier":"2T46yFDHEaG5Bir7oMj2iKfJabewhYJujL0MKqSjxaKBgFbW"} []
[2023-11-21 16:38:53] my_logger.INFO: Abfrage der gesamten Datenbank [] []
[2023-11-21 16:40:52] my_logger.INFO: Abfrage der gesamten Datenbank [] []
[2023-11-21 16:40:55] my_logger.INFO: Löschen des Eintrags mit Identifier: {identifier} {"identifier":"2T46yFDHEaG5Bir7oMj2iKfJabewhYJujL0MKqSjxaKBgFbW"} []
[2023-11-21 16:40:55] my_logger.ERROR: Ungültige Eingabe für den Identifier: {identifier} {"identifier":"2T46yFDHEaG5Bir7oMj2iKfJabewhYJujL0MKqSjxaKBgFbW"} []
[2023-11-21 16:41:51] my_logger.INFO: Abfrage der gesamten Datenbank [] []
[2023-11-21 16:41:54] my_logger.INFO: Löschen des Eintrags mit Identifier: {identifier} {"identifier":"2T46yFDHEaG5Bir7oMj2iKfJabewhYJujL0MKqSjxaKBgFbW"} []
[2023-11-21 16:41:54] my_logger.ERROR: Ungültige Eingabe für den Identifier: {identifier} {"identifier":"2T46yFDHEaG5Bir7oMj2iKfJabewhYJujL0MKqSjxaKBgFbW"} []
[2023-11-21 16:56:45] my_logger.INFO: Abfrage der gesamten Datenbank [] []
[2023-11-21 16:56:49] my_logger.INFO: Löschen des Eintrags mit Identifier: {identifier} {"identifier":"2T46yFDHEaG5Bir7oMj2iKfJabewhYJujL0MKqSjxaKBgFbW"} []
[2023-11-21 16:57:00] my_logger.INFO: Abfrage der gesamten Datenbank [] []
[2023-11-21 17:01:25] my_logger.INFO: Abfrage der gesamten Datenbank [] []
[2023-11-21 17:02:49] my_logger.INFO: Abfrage der gesamten Datenbank [] []
[2023-11-21 17:02:52] my_logger.INFO: Löschen des Eintrags mit Identifier: {identifier} {"identifier":"6DsKT62PpjRovO8MLZONN4dV1IQaZ7k6lsPfi75blS21YX39"} []
[2023-11-21 17:05:44] my_logger.INFO: Abfrage der gesamten Datenbank [] []
[2023-11-21 17:10:32] my_logger.INFO: Abfrage der gesamten Datenbank [] []
[2023-11-21 17:10:34] my_logger.INFO: Abfrage der gesamten Datenbank [] []
[2023-11-21 17:10:38] my_logger.INFO: Löschen des Eintrags mit Identifier: {identifier} {"identifier":"7QquapwMFjfvNZxGLddXj6VSzs0dBjKs"} []
[2023-11-21 17:10:44] my_logger.INFO: Abfrage der gesamten Datenbank [] []
[2023-11-21 17:14:05] my_logger.INFO: Abfrage der gesamten Datenbank [] []
[2023-11-21 17:14:09] my_logger.INFO: Löschen des Eintrags mit Identifier: {identifier} {"identifier":"8EVWz9KZ0iw3OdKg3kajnAhhlngLYudoiucRoQplub797bFB"} []
[2023-11-21 17:14:16] my_logger.INFO: Abfrage der gesamten Datenbank [] []
[2023-11-21 17:24:29] my_logger.INFO: Datensätze mit abgelaufenem Ablaufdatum wurden gelöscht. [] []
[2023-11-21 17:34:36] my_logger.INFO: Datensätze mit abgelaufenem Ablaufdatum wurden gelöscht. [] []
[2023-11-21 17:36:56] my_logger.INFO: Anlegen: 1fp3djz85Ty0qYhpFNSq6oJq4MbPGK1CO2v83CiUxbUMZdV2 Nachricht: Dieser Eintrag sollte bald gelöscht sein. Ablauf: 2023-11-21T21:00 [] []
[2023-11-21 17:36:58] my_logger.INFO: Nachricht erfolgreich eingefügt {"identifier":"1fp3djz85Ty0qYhpFNSq6oJq4MbPGK1CO2v83CiUxbUMZdV2"} []
[2023-11-21 17:37:07] my_logger.INFO: Abfrage der gesamten Datenbank [] []
[2023-11-21 17:38:07] my_logger.INFO: Anlegen: UI4djBAlvc3o5Op0n5ojaigmKOdyGCFms5cfpJQhXGWVxILG Nachricht: Dieser Eintrag kann im Gespräch entfernt werden. Ablauf: 2023-11-22T09:00 [] []
[2023-11-21 17:38:09] my_logger.INFO: Nachricht erfolgreich eingefügt {"identifier":"UI4djBAlvc3o5Op0n5ojaigmKOdyGCFms5cfpJQhXGWVxILG"} []
[2023-11-21 17:38:27] my_logger.INFO: Anlegen: UCWwqi6jbeD7d0gqWijDS0AtQPSG0R7PsvIQULubWS90ZYqw Nachricht: Und noch eine Testnachricht zum manuellen löschen. Ablauf: 2023-11-22T15:00 [] []
[2023-11-21 17:38:29] my_logger.INFO: Nachricht erfolgreich eingefügt {"identifier":"UCWwqi6jbeD7d0gqWijDS0AtQPSG0R7PsvIQULubWS90ZYqw"} []
[2023-11-21 17:39:18] my_logger.INFO: Anlegen: 0YJD3wgUC6IjX8yL7QwdqRF6tH5i5wj0T9sHG1XaMKnvJKI0 Nachricht: Test mit blank Ablauf: 2023-11-30T15:00 [] []
[2023-11-21 17:39:20] my_logger.INFO: Nachricht erfolgreich eingefügt {"identifier":"0YJD3wgUC6IjX8yL7QwdqRF6tH5i5wj0T9sHG1XaMKnvJKI0"} []
[2023-11-21 17:39:21] my_logger.INFO: Abfrage der gesamten Datenbank [] []
[2023-11-21 17:39:25] my_logger.INFO: Löschen des Eintrags mit Identifier: {identifier} {"identifier":"0YJD3wgUC6IjX8yL7QwdqRF6tH5i5wj0T9sHG1XaMKnvJKI0"} []
[2023-11-21 17:39:30] my_logger.INFO: Abfrage der gesamten Datenbank [] []
[2023-11-21 21:00:02] my_logger.INFO: Datensätze mit abgelaufenem Ablaufdatum wurden gelöscht. [] []
[2023-11-21 21:37:12] my_logger.INFO: Abfrage der gesamten Datenbank [] []
[2023-11-21 21:37:41] my_logger.INFO: Anlegen: C6E0IyupwGb2Ho54tp4RZe9XIVlqdEcbdcARq855AAqcXmoO Nachricht: Testnachricht 25a Ablauf: 2023-11-30T12:00 [] []
[2023-11-21 21:37:43] my_logger.INFO: Nachricht erfolgreich eingefügt {"identifier":"C6E0IyupwGb2Ho54tp4RZe9XIVlqdEcbdcARq855AAqcXmoO"} []
[2023-11-21 21:37:52] my_logger.INFO: Anzeigen - Identifier: {identifier} {"identifier":"C6E0IyupwGb2Ho54tp4RZe9XIVlqdEcbdcARq855AAqcXmoO"} []
[2023-11-21 21:37:54] my_logger.INFO: Abruf von /anzeigen/{identifier} {"identifier":"C6E0IyupwGb2Ho54tp4RZe9XIVlqdEcbdcARq855AAqcXmoO"} []
[2023-11-21 21:38:03] my_logger.INFO: Anzeigen - Identifier: {identifier} {"identifier":"C6E0IyupwGb2Ho54tp4RZe9XIVlqdEcbdcARq855AAqcXmoO"} []
[2023-11-21 21:38:05] my_logger.INFO: Abruf von /anzeigen/{identifier} {"identifier":"C6E0IyupwGb2Ho54tp4RZe9XIVlqdEcbdcARq855AAqcXmoO"} []
[2023-11-21 21:38:18] my_logger.INFO: Abfrage der gesamten Datenbank [] []
[2023-11-21 21:38:34] my_logger.INFO: Löschen des Eintrags mit Identifier: {identifier} {"identifier":"1fp3djz85Ty0qYhpFNSq6oJq4MbPGK1CO2v83CiUxbUMZdV2"} []
[2023-11-21 21:38:43] my_logger.INFO: Abfrage der gesamten Datenbank [] []
[2023-11-22 07:34:18] my_logger.INFO: Datensätze mit abgelaufenem Ablaufdatum wurden gelöscht. [] []
[2023-11-22 07:36:00] my_logger.INFO: Abfrage der gesamten Datenbank [] []
[2023-11-22 07:36:06] my_logger.INFO: Abfrage der gesamten Datenbank [] []
[2023-11-22 07:45:17] my_logger.INFO: Abfrage der gesamten Datenbank [] []
[2023-11-22 09:32:54] my_logger.INFO: Abfrage der gesamten Datenbank [] []
[2023-11-22 09:33:56] my_logger.INFO: Löschen des Eintrags mit Identifier: {identifier} {"identifier":"UCWwqi6jbeD7d0gqWijDS0AtQPSG0R7PsvIQULubWS90ZYqw"} []
[2023-11-22 09:34:12] my_logger.INFO: Abfrage der gesamten Datenbank [] []
[2023-11-22 09:34:33] my_logger.INFO: Anlegen: 5heaWWjkvkz0eTUCMSJcSI7hTlMehk1RMIQ6Wvyzg6WuvzO2 Nachricht: Hallo 123 Ablauf: 2023-11-30T12:00 [] []
[2023-11-22 09:34:35] my_logger.INFO: Nachricht erfolgreich eingefügt {"identifier":"5heaWWjkvkz0eTUCMSJcSI7hTlMehk1RMIQ6Wvyzg6WuvzO2"} []
[2023-11-22 09:34:53] my_logger.INFO: Anzeigen - Identifier: {identifier} {"identifier":"5heaWWjkvkz0eTUCMSJcSI7hTlMehk1RMIQ6Wvyzg6WuvzO2"} []
[2023-11-22 09:34:55] my_logger.INFO: Abruf von /anzeigen/{identifier} {"identifier":"5heaWWjkvkz0eTUCMSJcSI7hTlMehk1RMIQ6Wvyzg6WuvzO2"} []
[2023-11-22 09:35:11] my_logger.INFO: Anzeigen - Identifier: {identifier} {"identifier":"5heaWWjkvkz0eTUCMSJcSI7hTlMehk1RMIQ6Wvyzg6WuvzO2"} []
[2023-11-22 09:35:13] my_logger.INFO: Abruf von /anzeigen/{identifier} {"identifier":"5heaWWjkvkz0eTUCMSJcSI7hTlMehk1RMIQ6Wvyzg6WuvzO2"} []
[2023-11-22 09:45:43] my_logger.INFO: Abfrage der gesamten Datenbank [] []
[2023-11-22 11:20:47] my_logger.INFO: Anlegen: zVW9g6k3AyInMh69Uy0tly9j9YKcwCRz6ig9Teh9HN8bu6Az Nachricht: ssss Ablauf: 2023-11-30T16:25 [] []
[2023-11-22 11:20:49] my_logger.INFO: Nachricht erfolgreich eingefügt {"identifier":"zVW9g6k3AyInMh69Uy0tly9j9YKcwCRz6ig9Teh9HN8bu6Az"} []
[2023-11-22 11:48:59] my_logger.INFO: Anlegen: VkKN8wvIi9nnrQ7ZmcvrEajYGJezRs6TBd4S9wYeNV7RXAt0 Nachricht: jjjjj Ablauf: 2023-11-22T17:48 [] []
[2023-11-22 11:49:20] my_logger.INFO: Nachricht erfolgreich eingefügt {"identifier":"VkKN8wvIi9nnrQ7ZmcvrEajYGJezRs6TBd4S9wYeNV7RXAt0"} []
[2023-11-22 12:06:12] my_logger.INFO: Anzeigen - Identifier: {identifier} null []
[2023-11-22 12:06:14] my_logger.INFO: Abruf von /anzeigen/{identifier} null []
[2023-11-22 12:06:14] my_logger.INFO: Anzeigen - Identifier: {identifier} null []
[2023-11-22 12:06:16] my_logger.INFO: Abruf von /anzeigen/{identifier} null []
[2023-11-22 12:06:16] my_logger.INFO: Anzeigen - Identifier: {identifier} null []
[2023-11-22 12:06:18] my_logger.INFO: Abruf von /anzeigen/{identifier} null []
[2023-11-22 12:06:48] my_logger.INFO: Abfrage der gesamten Datenbank [] []
[2023-11-22 12:08:19] my_logger.INFO: Abfrage der gesamten Datenbank [] []
[2023-11-22 12:09:33] my_logger.INFO: Abfrage der gesamten Datenbank [] []
[2023-11-22 12:11:21] my_logger.INFO: Abfrage der gesamten Datenbank [] []
[2023-11-22 12:11:24] my_logger.INFO: Abfrage der gesamten Datenbank [] []
[2023-11-22 12:12:47] my_logger.INFO: Löschen des Eintrags mit Identifier: {identifier} {"identifier":"VkKN8wvIi9nnrQ7ZmcvrEajYGJezRs6TBd4S9wYeNV7RXAt0"} []
[2023-11-22 12:12:56] my_logger.INFO: Löschen des Eintrags mit Identifier: {identifier} {"identifier":"VkKN8wvIi9nnrQ7ZmcvrEajYGJezRs6TBd4S9wYeNV7RXAt0"} []
[2023-11-22 12:13:01] my_logger.INFO: Löschen des Eintrags mit Identifier: {identifier} {"identifier":"VkKN8wvIi9nnrQ7ZmcvrEajYGJezRs6TBd4S9wYeNV7RXAt0"} []
[2023-11-22 12:13:10] my_logger.INFO: Abfrage der gesamten Datenbank [] []
[2023-11-22 12:16:41] my_logger.INFO: Löschen des Eintrags mit Identifier: {identifier} {"identifier":"zVW9g6k3AyInMh69Uy0tly9j9YKcwCRz6ig9Teh9HN8bu6Az"} []
[2023-11-22 12:16:46] my_logger.INFO: Abfrage der gesamten Datenbank [] []
[2023-11-22 12:17:29] my_logger.INFO: Anlegen: jFz6wnBgXiuljo4N0RLJdNb3BjMnc8Bu5LSGMe1fWhiUv2iQ Nachricht: blaaaaaaaaaa Ablauf: 2023-11-22T17:17 [] []
[2023-11-22 12:17:32] my_logger.INFO: Nachricht erfolgreich eingefügt {"identifier":"jFz6wnBgXiuljo4N0RLJdNb3BjMnc8Bu5LSGMe1fWhiUv2iQ"} []
[2023-11-22 12:17:38] my_logger.INFO: Abfrage der gesamten Datenbank [] []
[2023-12-15 11:03:29] my_logger.INFO: Anlegen: 2qYDVgiLj9OHLtw9pUIIkvCnW06H9rh8dW2CBO93siK90m3R Nachricht: Test Ablauf: 2023-12-23T12:00 [] []
[2023-12-15 11:06:36] my_logger.INFO: Anlegen: 2v29VwVdjMa8bU5SfRKREyppsFtk6xWu81JY7smzhIAXKBm4 Nachricht: Test Ablauf: 2023-12-23T12:00 [] []
[2023-12-15 11:06:38] my_logger.INFO: Nachricht erfolgreich eingefügt {"identifier":"2v29VwVdjMa8bU5SfRKREyppsFtk6xWu81JY7smzhIAXKBm4"} []
[2023-12-15 11:06:48] my_logger.INFO: Anzeigen - Identifier: {identifier} {"identifier":"2v29VwVdjMa8bU5SfRKREyppsFtk6xWu81JY7smzhIAXKBm4"} []
[2023-12-15 11:06:50] my_logger.INFO: Abruf von /anzeigen/{identifier} {"identifier":"2v29VwVdjMa8bU5SfRKREyppsFtk6xWu81JY7smzhIAXKBm4"} []
[2023-12-18 06:48:01] my_logger.INFO: Abfrage der gesamten Datenbank [] []
[2023-12-18 06:48:22] my_logger.INFO: Abfrage der gesamten Datenbank [] []
[2023-12-18 06:48:41] my_logger.INFO: Abfrage der gesamten Datenbank [] []
[2023-12-18 06:55:52] my_logger.INFO: Anzeigen - Identifier: {identifier} null []
[2023-12-18 06:55:54] my_logger.INFO: Abruf von /anzeigen/{identifier} null []
[2023-12-18 06:56:10] my_logger.INFO: Abfrage der gesamten Datenbank [] []
[2023-12-18 06:58:20] my_logger.INFO: Abfrage der gesamten Datenbank [] []
[2023-12-18 06:58:59] my_logger.INFO: Abfrage der gesamten Datenbank [] []
[2023-12-18 06:59:42] my_logger.INFO: Löschen des Eintrags mit Identifier: {identifier} {"identifier":"ji99dBWkZ385YzjhRYMLAuzVF5Ax2iV0b0be8o1KGFsZ8R6v"} []
[2023-12-18 06:59:48] my_logger.INFO: Abfrage der gesamten Datenbank [] []
[2023-12-18 07:02:38] my_logger.INFO: Anlegen: H5ungxKFOdmyoo8tWiyjmkdUQ9spCAl79oWeoCwRYMqRBIVh Nachricht: Testnachricht Ablauf: 2023-12-24T15:00 [] []
[2023-12-18 07:02:40] my_logger.INFO: Nachricht erfolgreich eingefügt {"identifier":"H5ungxKFOdmyoo8tWiyjmkdUQ9spCAl79oWeoCwRYMqRBIVh"} []
[2023-12-18 07:02:48] my_logger.INFO: Anzeigen - Identifier: {identifier} {"identifier":"H5ungxKFOdmyoo8tWiyjmkdUQ9spCAl79oWeoCwRYMqRBIVh"} []
[2023-12-18 07:02:50] my_logger.INFO: Abruf von /anzeigen/{identifier} {"identifier":"H5ungxKFOdmyoo8tWiyjmkdUQ9spCAl79oWeoCwRYMqRBIVh"} []
[2023-12-18 07:03:10] my_logger.INFO: Abfrage der gesamten Datenbank [] []
[2023-12-18 07:07:45] my_logger.INFO: Anlegen: nxbbWnD82WPhq5YgCYqfHgLHFflX5Wl0mA6dqZMt6dAGQ9AB Nachricht: Test2 Ablauf: 2023-12-24T15:00 [] []
[2023-12-18 07:07:47] my_logger.INFO: Nachricht erfolgreich eingefügt {"identifier":"nxbbWnD82WPhq5YgCYqfHgLHFflX5Wl0mA6dqZMt6dAGQ9AB"} []
[2023-12-18 07:07:55] my_logger.INFO: Anzeigen - Identifier: {identifier} {"identifier":"nxbbWnD82WPhq5YgCYqfHgLHFflX5Wl0mA6dqZMt6dAGQ9AB"} []
[2023-12-18 07:07:57] my_logger.INFO: Abruf von /anzeigen/{identifier} {"identifier":"nxbbWnD82WPhq5YgCYqfHgLHFflX5Wl0mA6dqZMt6dAGQ9AB"} []
[2023-12-18 07:07:59] my_logger.INFO: Anzeigen - Identifier: {identifier} {"identifier":"nxbbWnD82WPhq5YgCYqfHgLHFflX5Wl0mA6dqZMt6dAGQ9AB"} []
[2023-12-18 07:08:01] my_logger.INFO: Abruf von /anzeigen/{identifier} {"identifier":"nxbbWnD82WPhq5YgCYqfHgLHFflX5Wl0mA6dqZMt6dAGQ9AB"} []
[2023-12-18 07:19:10] my_logger.INFO: Anlegen: cr9eULxXbwHLwFapAGzgA44xQMM0z2U7DNpT1oyaAVdP3nab Nachricht: Test Ablauf: 2023-12-24T15:00 [] []
[2023-12-18 07:19:12] my_logger.INFO: Nachricht erfolgreich eingefügt {"identifier":"cr9eULxXbwHLwFapAGzgA44xQMM0z2U7DNpT1oyaAVdP3nab"} []
[2023-12-18 07:19:20] my_logger.INFO: Anzeigen - Identifier: {identifier} {"identifier":"cr9eULxXbwHLwFapAGzgA44xQMM0z2U7DNpT1oyaAVdP3nab"} []
[2023-12-18 07:19:22] my_logger.INFO: Abruf von /anzeigen/{identifier} {"identifier":"cr9eULxXbwHLwFapAGzgA44xQMM0z2U7DNpT1oyaAVdP3nab"} []
[2023-12-18 07:22:20] my_logger.INFO: Anlegen: 98PVhepChnnpQFCIwh3zdNgJokUYQDoCAGBMn4oKSnOubjvc Nachricht: Test Ablauf: 2023-12-24T15:00 [] []
[2023-12-18 07:22:22] my_logger.INFO: Nachricht erfolgreich eingefügt {"identifier":"98PVhepChnnpQFCIwh3zdNgJokUYQDoCAGBMn4oKSnOubjvc"} []
[2023-12-18 07:22:31] my_logger.INFO: Anzeigen - Identifier: {identifier} {"identifier":"98PVhepChnnpQFCIwh3zdNgJokUYQDoCAGBMn4oKSnOubjvc"} []
[2023-12-18 07:22:33] my_logger.INFO: Abruf von /anzeigen/{identifier} {"identifier":"98PVhepChnnpQFCIwh3zdNgJokUYQDoCAGBMn4oKSnOubjvc"} []
[2023-12-18 07:22:39] my_logger.INFO: Anzeigen - Identifier: {identifier} {"identifier":"nxbbWnD82WPhq5YgCYqfHgLHFflX5Wl0mA6dqZMt6dAGQ9AB"} []
[2023-12-18 07:22:41] my_logger.INFO: Abruf von /anzeigen/{identifier} {"identifier":"nxbbWnD82WPhq5YgCYqfHgLHFflX5Wl0mA6dqZMt6dAGQ9AB"} []
[2023-12-18 07:23:18] my_logger.INFO: Abfrage der gesamten Datenbank [] []
[2023-12-18 07:37:18] my_logger.INFO: Abfrage der gesamten Datenbank [] []
[2023-12-18 07:38:42] my_logger.INFO: Abfrage der gesamten Datenbank [] []
[2023-12-18 07:38:57] my_logger.INFO: Abfrage der gesamten Datenbank [] []
[2023-12-18 07:38:59] my_logger.INFO: Abfrage der gesamten Datenbank [] []
[2023-12-18 07:39:12] my_logger.INFO: Abfrage der gesamten Datenbank [] []
[2023-12-18 07:39:17] my_logger.INFO: Abfrage der gesamten Datenbank [] []
[2023-12-18 07:41:55] my_logger.INFO: Abfrage der gesamten Datenbank [] []
[2023-12-18 07:42:09] my_logger.INFO: Abfrage der gesamten Datenbank [] []
[2023-12-18 07:43:38] my_logger.INFO: Abfrage der gesamten Datenbank [] []
[2023-12-18 07:43:58] my_logger.INFO: Abfrage der gesamten Datenbank [] []
[2023-12-18 08:30:45] my_logger.INFO: Anlegen: w8SdZNvU4EjWJwnwXfuZfXY13HCbpuIarafCbDAWxmYBoGu3 Nachricht: Test mit 2 Ordnern Ablauf: 2023-12-24T15:00 [] []
[2023-12-18 08:30:47] my_logger.INFO: Nachricht erfolgreich eingefügt {"identifier":"w8SdZNvU4EjWJwnwXfuZfXY13HCbpuIarafCbDAWxmYBoGu3"} []
[2023-12-18 08:30:58] my_logger.INFO: Anzeigen - Identifier: {identifier} {"identifier":"w8SdZNvU4EjWJwnwXfuZfXY13HCbpuIarafCbDAWxmYBoGu3"} []
[2023-12-18 08:31:00] my_logger.INFO: Abruf von /anzeigen/{identifier} {"identifier":"w8SdZNvU4EjWJwnwXfuZfXY13HCbpuIarafCbDAWxmYBoGu3"} []
[2023-12-18 08:31:04] my_logger.INFO: Anzeigen - Identifier: {identifier} {"identifier":"nxbbWnD82WPhq5YgCYqfHgLHFflX5Wl0mA6dqZMt6dAGQ9AB"} []
[2023-12-18 08:31:06] my_logger.INFO: Abruf von /anzeigen/{identifier} {"identifier":"nxbbWnD82WPhq5YgCYqfHgLHFflX5Wl0mA6dqZMt6dAGQ9AB"} []
[2023-12-18 08:31:10] my_logger.INFO: Anzeigen - Identifier: {identifier} {"identifier":"w8SdZNvU4EjWJwnwXfuZfXY13HCbpuIarafCbDAWxmYBoGu3"} []
[2023-12-18 08:31:12] my_logger.INFO: Abruf von /anzeigen/{identifier} {"identifier":"w8SdZNvU4EjWJwnwXfuZfXY13HCbpuIarafCbDAWxmYBoGu3"} []
